<?xml version="1.0" encoding="UTF-8"?>
<!-- Generated by org.testng.reporters.JUnitReportReporter -->
<testsuite hostname="MSPLLAP-1016" failures="0" tests="2" name="Practice.TestNgPractice" time="0.008" errors="0" timestamp="2024-02-14T15:46:39 IST" skipped="0">
  <testcase classname="Practice.TestNgPractice" name="tc2" time="0.004"/>
  <testcase classname="Practice.TestNgPractice" name="tc1" time="0.004"/>
</testsuite> <!-- Practice.TestNgPractice -->
